<?xml version="1.0" encoding="UTF-8"?>
<!-- Generated by org.testng.reporters.JUnitReportReporter -->
<testsuite hostname="MSI" failures="0" tests="1" name="testCases.TC01_AccountRegistration" time="1.889" errors="0" timestamp="2025-03-07T20:45:42 IST" skipped="0">
  <testcase classname="testCases.TC01_AccountRegistration" name="checkAccountCreation" time="1.889"/>
</testsuite> <!-- testCases.TC01_AccountRegistration -->
