<?xml version="1.0" encoding="UTF-8"?>
<!-- Generated by org.testng.reporters.JUnitReportReporter -->
<testsuite hostname="MSI" failures="0" tests="1" name="testCases.TC02_LoginTest" time="1.230" errors="0" timestamp="2025-03-08T12:11:04 IST" skipped="0">
  <testcase classname="testCases.TC02_LoginTest" name="checkLogin" time="1.230"/>
</testsuite> <!-- testCases.TC02_LoginTest -->
